<?xml version="1.0" encoding="UTF-8"?>
<testng-results ignored="0" total="1" passed="1" failed="0" skipped="0">
  <reporter-output>
  </reporter-output>
  <suite started-at="2024-11-28T17:44:55 IST" name="Default suite" finished-at="2024-11-28T17:44:55 IST" duration-ms="64">
    <groups>
    </groups>
    <test started-at="2024-11-28T17:44:55 IST" name="Default test" finished-at="2024-11-28T17:44:55 IST" duration-ms="64">
      <class name="DataDriven.ConfigurationAnnotation">
        <test-method is-config="true" signature="beforeSuit1()[pri:0, instance:DataDriven.ConfigurationAnnotation@4c371370]" started-at="2024-11-28T17:44:55 IST" name="beforeSuit1" finished-at="2024-11-28T17:44:55 IST" duration-ms="20" status="PASS">
          <reporter-output>
          </reporter-output>
        </test-method> <!-- beforeSuit1 -->
        <test-method is-config="true" signature="beforeTest()[pri:0, instance:DataDriven.ConfigurationAnnotation@4c371370]" started-at="2024-11-28T17:44:55 IST" name="beforeTest" finished-at="2024-11-28T17:44:55 IST" duration-ms="1" status="PASS">
          <reporter-output>
          </reporter-output>
        </test-method> <!-- beforeTest -->
        <test-method is-config="true" signature="beforeClass()[pri:0, instance:DataDriven.ConfigurationAnnotation@4c371370]" started-at="2024-11-28T17:44:55 IST" name="beforeClass" finished-at="2024-11-28T17:44:55 IST" duration-ms="1" status="PASS">
          <reporter-output>
          </reporter-output>
        </test-method> <!-- beforeClass -->
        <test-method is-config="true" signature="beforeMethod()[pri:0, instance:DataDriven.ConfigurationAnnotation@4c371370]" started-at="2024-11-28T17:44:55 IST" name="beforeMethod" finished-at="2024-11-28T17:44:55 IST" duration-ms="0" status="PASS">
          <reporter-output>
          </reporter-output>
        </test-method> <!-- beforeMethod -->
        <test-method signature="test()[pri:0, instance:DataDriven.ConfigurationAnnotation@4c371370]" started-at="2024-11-28T17:44:55 IST" name="test" finished-at="2024-11-28T17:44:55 IST" duration-ms="7" status="PASS">
          <reporter-output>
          </reporter-output>
        </test-method> <!-- test -->
        <test-method is-config="true" signature="afterMethod()[pri:0, instance:DataDriven.ConfigurationAnnotation@4c371370]" started-at="2024-11-28T17:44:55 IST" name="afterMethod" finished-at="2024-11-28T17:44:55 IST" duration-ms="1" status="PASS">
          <reporter-output>
          </reporter-output>
        </test-method> <!-- afterMethod -->
        <test-method is-config="true" signature="afterClass1()[pri:0, instance:DataDriven.ConfigurationAnnotation@4c371370]" started-at="2024-11-28T17:44:55 IST" name="afterClass1" finished-at="2024-11-28T17:44:55 IST" duration-ms="1" status="PASS">
          <reporter-output>
          </reporter-output>
        </test-method> <!-- afterClass1 -->
        <test-method is-config="true" signature="afterClass()[pri:0, instance:DataDriven.ConfigurationAnnotation@4c371370]" started-at="2024-11-28T17:44:55 IST" name="afterClass" finished-at="2024-11-28T17:44:55 IST" duration-ms="0" status="PASS">
          <reporter-output>
          </reporter-output>
        </test-method> <!-- afterClass -->
        <test-method is-config="true" signature="afterSuite()[pri:0, instance:DataDriven.ConfigurationAnnotation@4c371370]" started-at="2024-11-28T17:44:55 IST" name="afterSuite" finished-at="2024-11-28T17:44:55 IST" duration-ms="0" status="PASS">
          <reporter-output>
          </reporter-output>
        </test-method> <!-- afterSuite -->
      </class> <!-- DataDriven.ConfigurationAnnotation -->
    </test> <!-- Default test -->
  </suite> <!-- Default suite -->
</testng-results>
